**********************
PowerShell transcript start
Start time: 20210521133311
Username: DESKTOP-JRREQI2\Daria
RunAs User: DESKTOP-JRREQI2\Daria
Configuration Name: 
Machine: DESKTOP-JRREQI2 (Microsoft Windows NT 10.0.19042.0)
Host Application: C:\Program Files\PowerShell\7\pwsh.dll -WorkingDirectory ~
Process ID: 5772
PSVersion: 7.1.3
PSEdition: Core
GitCommitId: 7.1.3
OS: Microsoft Windows 10.0.19042
Platform: Win32NT
PSCompatibleVersions: 1.0, 2.0, 3.0, 4.0, 5.0, 5.1.10032.0, 6.0.0, 6.1.0, 6.2.0, 7.0.0, 7.1.3
PSRemotingProtocolVersion: 2.3
SerializationVersion: 1.1.0.1
WSManStackVersion: 3.0
**********************
PS C:\Users\Daria\Desktop\DBStartupScript> TerminatingError(Get-Command): "Cannot validate argument on parameter 'Name'. The argument is null, empty, or an element of the argument collection contains a null value. Supply a collection that does not contain any null values and then try the command again."
PS C:\Users\Daria\Desktop\DBStartupScript> . .\StartDatabase.ps1
PS C:\Users\Daria\Desktop\DBStartupScript> TerminatingError(ConvertFrom-Json): "Conversion from JSON failed with error: Unexpected character encountered while parsing value: \. Path 'DatabaseConnectionString', line 2, position 32."

ConvertFrom-Json: C:\Users\Daria\Desktop\DBStartupScript\Utils.ps1:8
Line |
   8 |      $configuration = Get-Content -Path $Path -Raw | ConvertFrom-Json
     |                                                      ~~~~~~~~~~~~~~~~
     | Conversion from JSON failed with error: Unexpected character encountered while parsing value: \. Path 'DatabaseConnectionString', line 2, position 32.

[91mConvertFrom-Json: [0mC:\Users\Daria\Desktop\DBStartupScript\Utils.ps1:8
[96mLine |
[96m   8 | [0m     $configuration = Get-Content -Path $Path -Raw | [96mConvertFrom-Json[0m
[96m     | [91m                                                     ~~~~~~~~~~~~~~~~
[91m[96m     | [91mConversion from JSON failed with error: Unexpected character encountered while parsing value: \. Path
[96m     | [91m'DatabaseConnectionString', line 2, position 32.
[0m
PS C:\Users\Daria\Desktop\DBStartupScript> TerminatingError(Confirm-ConfigurationValid): "Cannot bind argument to parameter 'Configuration' because it is null."

Confirm-ConfigurationValid: C:\Users\Daria\Desktop\DBStartupScript\StartDatabase.ps1:11
Line |
  11 |  Confirm-ConfigurationValid $configuration
     |                             ~~~~~~~~~~~~~~
     | Cannot bind argument to parameter 'Configuration' because it is null.

[91mConfirm-ConfigurationValid: [0mC:\Users\Daria\Desktop\DBStartupScript\StartDatabase.ps1:11
[96mLine |
[96m  11 | [0m Confirm-ConfigurationValid [96m$configuration[0m
[96m     | [91m                            ~~~~~~~~~~~~~~
[91m[96m     | [91mCannot bind argument to parameter 'Configuration' because it is null.
[0m
>> TerminatingError(Start-DatabaseServer): "Cannot bind argument to parameter 'Configuration' because it is null."

Start-DatabaseServer: C:\Users\Daria\Desktop\DBStartupScript\StartDatabase.ps1:12
Line |
  12 |  Start-DatabaseServer $configuration
     |                       ~~~~~~~~~~~~~~
     | Cannot bind argument to parameter 'Configuration' because it is null.

[91mStart-DatabaseServer: [0mC:\Users\Daria\Desktop\DBStartupScript\StartDatabase.ps1:12
[96mLine |
[96m  12 | [0m Start-DatabaseServer [96m$configuration[0m
[96m     | [91m                      ~~~~~~~~~~~~~~
[91m[96m     | [91mCannot bind argument to parameter 'Configuration' because it is null.
[0m
PS C:\Users\Daria\Desktop\DBStartupScript> #######################################################################
PS C:\Users\Daria\Desktop\DBStartupScript> #adding "" on line 2
PS C:\Users\Daria\Desktop\DBStartupScript> #######################################################################
PS C:\Users\Daria\Desktop\DBStartupScript> TerminatingError(Get-Command): "Cannot validate argument on parameter 'Name'. The argument is null, empty, or an element of the argument collection contains a null value. Supply a collection that does not contain any null values and then try the command again."
PS C:\Users\Daria\Desktop\DBStartupScript> . .\StartDatabase.ps1
PS C:\Users\Daria\Desktop\DBStartupScript> TerminatingError(): "Invalid configuration: database name could not be empty."
>> TerminatingError(): "Invalid configuration: database name could not be empty."
>> TerminatingError(): "Invalid configuration: database name could not be empty."
Invalid configuration: database name could not be empty.

[91mException: [0mC:\Users\Daria\Desktop\DBStartupScript\Utils.ps1:21
[96mLine |
[96m  21 | [0m         [96mthrow "Invalid configuration: database name could not be empt[0m …
[96m     | [91m         ~~~~~~~~~~~~~~~~~~~~~~~~~~~~~~~~~~~~~~~~~~~~~~~~~~~~~~~~~~~~~
[91m[96m     | [91mInvalid configuration: database name could not be empty.
[0m
PS C:\Users\Daria\Desktop\DBStartupScript> ########################################################################
PS C:\Users\Daria\Desktop\DBStartupScript> #adding DatabaseName
PS C:\Users\Daria\Desktop\DBStartupScript> ########################################################################
PS C:\Users\Daria\Desktop\DBStartupScript> TerminatingError(Get-Command): "Cannot validate argument on parameter 'Name'. The argument is null, empty, or an element of the argument collection contains a null value. Supply a collection that does not contain any null values and then try the command again."
PS C:\Users\Daria\Desktop\DBStartupScript> . .\StartDatabase.ps1
PS C:\Users\Daria\Desktop\DBStartupScript> TerminatingError(): "Invalid configuration: databse size could not be greater than 1000 Gb"
>> TerminatingError(): "Invalid configuration: databse size could not be greater than 1000 Gb"
>> TerminatingError(): "Invalid configuration: databse size could not be greater than 1000 Gb"
Invalid configuration: databse size could not be greater than 1000 Gb

[91mException: [0mC:\Users\Daria\Desktop\DBStartupScript\Utils.ps1:31
[96mLine |
[96m  31 | [0m         [96mthrow "Invalid configuration: databse size could not be great[0m …
[96m     | [91m         ~~~~~~~~~~~~~~~~~~~~~~~~~~~~~~~~~~~~~~~~~~~~~~~~~~~~~~~~~~~~~
[91m[96m     | [91mInvalid configuration: databse size could not be greater than 1000 Gb
[0m
PS C:\Users\Daria\Desktop\DBStartupScript> ########################################################################
PS C:\Users\Daria\Desktop\DBStartupScript> #removing "" to get [int] type for 50 instead of [string]
PS C:\Users\Daria\Desktop\DBStartupScript> ########################################################################
PS C:\Users\Daria\Desktop\DBStartupScript> TerminatingError(Get-Command): "Cannot validate argument on parameter 'Name'. The argument is null, empty, or an element of the argument collection contains a null value. Supply a collection that does not contain any null values and then try the command again."
PS C:\Users\Daria\Desktop\DBStartupScript> . .\StartDatabase.ps1
PS C:\Users\Daria\Desktop\DBStartupScript> ########################################################################
PS C:\Users\Daria\Desktop\DBStartupScript> <#the result cannot be accepted: ** DB Server **

Server started with following arguments:
Database name:          TestDatabase
Connection string:      \Test\DBS\01
Database size:          50 Gb

Tables:
        System.Object[]#>
PS C:\Users\Daria\Desktop\DBStartupScript> #"Tables" content is not provided. Fixing \Utils.ps in order to call each element of the massive
PS C:\Users\Daria\Desktop\DBStartupScript> #########################################################################
PS C:\Users\Daria\Desktop\DBStartupScript> TerminatingError(Get-Command): "Cannot validate argument on parameter 'Name'. The argument is null, empty, or an element of the argument collection contains a null value. Supply a collection that does not contain any null values and then try the command again."
PS C:\Users\Daria\Desktop\DBStartupScript> . .\StartDatabase.ps1
PS C:\Users\Daria\Desktop\DBStartupScript> #########################################################################
PS C:\Users\Daria\Desktop\DBStartupScript> #the result is OK
PS C:\Users\Daria\Desktop\DBStartupScript> <#** DB Server **

Server started with following arguments:
Database name:          TestDatabase
Connection string:      \Test\DBS\01
Database size:          50 Gb

Tables:
        Clients
        Orders
        Expenses
        Deliveries#>
PS C:\Users\Daria\Desktop\DBStartupScript> Stop-Transcript
**********************
PowerShell transcript end
End time: 20210521134605
**********************
